{"logTime": "0520/151815", "correlationVector":"bDMnukeCVBWozbrsStOSj1.1","action":"SyncServerConnectionManagerRequest", "result":"SYNC_SERVER_OK", "context":{"environment":"Prod_francecentral_prod-s01-062-eur-francecentral", "migrationStage":"NotStarted", "server":"akswtt007000042"}}
{"logTime": "0520/151815", "correlationVector":"bDMnukeCVBWozbrsStOSj1.2","action":"ProcessGetUpdates", "result":"Done", "context":{"dataType":"Encryption Keys", "deleted":"0", "process_failed_to_decrypt":"0", "process_pending_decryption":"0", "process_success":"1", "total":"1"}}
{"logTime": "0520/151817", "correlationVector":"jYumNscZZZv46TozggxYGO","action":"SyncServerConnectionManagerRequest", "result":"SYNC_SERVER_OK", "context":{"environment":"", "migrationStage":"", "server":""}}
{"logTime": "0520/151817", "correlationVector":"jYumNscZZZv46TozggxYGO.0","action":"EncryptionKeysFetcher.DownloadKeys:", "result":"Success", "context":Key count: 5, Last key timestamp: 2025-04-04T13:21:47Z}
{"logTime": "0520/151817", "correlationVector":"jYumNscZZZv46TozggxYGO.1","action":"EncryptionKeysManager::SetEncryptionKeys:", "result":"Success", "context":Key names[5]:[5VZ2cBSBkwqMklszq1cvEzpkGbKD3EpiV+lGgesW4V2vY643gCcsTSTQJo6tt/RuqBdXoORzakx2odPjzQTUwg==][2d+LqoqW/WIcJUB/XoH8hVeXiLrYidcJDIEOBe/AjcMBpdXG28Iey2jb2rHk/9LHt5RW7+6Frh7RYnY10sGadg==][QSM9qS71OC7HyUUM/VYwBF2JcVVTkO1ZQU4eGZwEko01ViglQHaXDw54mXZXrgAnJAg5QsnMAby9MsReCAxL/g==][xwgoyF9V7F9HrG1/Ir+KLLhBxutnOCA+PR6zygxNQEm1wj0ULmpDH/BCzXu7d4HTqtxaRKtDnsOFUXOHYat3lQ==][kHdARtAoy5EjXdJnfrh35wcyfwKmHfHnYj3FuAOMXfQMkltGJAT5x6ea6kVbYnwd3zQTNlWifzpz4fD5ZaNJKA==]}
{"logTime": "0520/151817", "correlationVector":"jYumNscZZZv46TozggxYGO.2","action":"EncryptionKeysManager::SetEncryptionKeysWithTimestamps:", "result":"Success", "context":Key timestamps[5]:[2023-04-10T03:10:50Z][2023-10-07T14:19:46Z][2024-04-05T11:07:01Z][2024-10-06T11:50:25Z][2025-04-04T13:21:47Z]}
{"logTime": "0520/151817", "correlationVector":"bDMnukeCVBWozbrsStOSj1","action":"Initial GetUpdates", "result":"", "context":Reason: NEW_CLIENT. cV=bDMnukeCVBWozbrsStOSj1}
{"logTime": "0520/151817", "correlationVector":"bDMnukeCVBWozbrsStOSj1.3","action":"GetUpdates Response", "result":"Success", "context":Received 1 update(s). cV=bDMnukeCVBWozbrsStOSj1.0;server=akswtt007000042;cloudType=Consumer;environment=Prod_francecentral_prod-s01-062-eur-francecentral;migrationStage=NotStarted}
{"logTime": "0520/151817", "correlationVector":"Uxw8dZQTt3WSY0WWbeL+T6","action":"Initial GetUpdates", "result":"", "context":Reason: NEWLY_SUPPORTED_DATATYPE. cV=Uxw8dZQTt3WSY0WWbeL+T6}
{"logTime": "0520/151817", "correlationVector":"Uxw8dZQTt3WSY0WWbeL+T6.1","action":"SyncServerConnectionManagerRequest", "result":"SYNC_SERVER_OK", "context":{"environment":"Prod_francecentral_prod-s01-062-eur-francecentral", "migrationStage":"NotStarted", "server":"akswtt00700003a"}}
{"logTime": "0520/151817", "correlationVector":"Uxw8dZQTt3WSY0WWbeL+T6.2","action":"ProcessGetUpdates", "result":"Done", "context":{"dataType":"Preferences", "deleted":"0", "process_failed_to_decrypt":"0", "process_pending_decryption":"0", "process_success":"77", "total":"77"}}
{"logTime": "0520/151817", "correlationVector":"Uxw8dZQTt3WSY0WWbeL+T6.3","action":"ProcessGetUpdates", "result":"Done", "context":{"dataType":"Passwords", "deleted":"3", "process_failed_to_decrypt":"0", "process_pending_decryption":"0", "process_success":"87", "total":"87"}}
{"logTime": "0520/151817", "correlationVector":"Uxw8dZQTt3WSY0WWbeL+T6.4","action":"ProcessGetUpdates", "result":"Done", "context":{"dataType":"Device Info", "deleted":"0", "process_failed_to_decrypt":"0", "process_pending_decryption":"0", "process_success":"21", "total":"21"}}
{"logTime": "0520/151817", "correlationVector":"Uxw8dZQTt3WSY0WWbeL+T6.5","action":"GetUpdates Response", "result":"Success", "context":Received 185 update(s). cV=Uxw8dZQTt3WSY0WWbeL+T6.0;server=akswtt00700003a;cloudType=Consumer;environment=Prod_francecentral_prod-s01-062-eur-francecentral;migrationStage=NotStarted}
{"logTime": "0520/151817", "correlationVector":"a3YA2eGDEIMYD3OWxt0g5L","action":"Initial GetUpdates", "result":"", "context":Reason: NEWLY_SUPPORTED_DATATYPE. cV=a3YA2eGDEIMYD3OWxt0g5L}
{"logTime": "0520/151817", "correlationVector":"a3YA2eGDEIMYD3OWxt0g5L.1","action":"SyncServerConnectionManagerRequest", "result":"SYNC_SERVER_OK", "context":{"environment":"Prod_francecentral_prod-s01-062-eur-francecentral", "migrationStage":"NotStarted", "server":"akswtt007000047"}}
{"logTime": "0520/151817", "correlationVector":"a3YA2eGDEIMYD3OWxt0g5L.2","action":"ProcessGetUpdates", "result":"Done", "context":{"dataType":"Bookmarks", "deleted":"1", "process_failed_to_decrypt":"0", "process_pending_decryption":"0", "process_success":"20", "total":"20"}}
{"logTime": "0520/151817", "correlationVector":"a3YA2eGDEIMYD3OWxt0g5L.3","action":"GetUpdates Response", "result":"Success", "context":Received 20 update(s). cV=a3YA2eGDEIMYD3OWxt0g5L.0;server=akswtt007000047;cloudType=Consumer;environment=Prod_francecentral_prod-s01-062-eur-francecentral;migrationStage=NotStarted}
{"logTime": "0520/151818", "correlationVector":"zfn5Tjui+L7zN4075Q3i8F","action":"Initial GetUpdates", "result":"", "context":Reason: NEWLY_SUPPORTED_DATATYPE. cV=zfn5Tjui+L7zN4075Q3i8F}
{"logTime": "0520/151818", "correlationVector":"zfn5Tjui+L7zN4075Q3i8F.1","action":"SyncServerConnectionManagerRequest", "result":"SYNC_SERVER_OK", "context":{"environment":"Prod_francecentral_prod-s01-062-eur-francecentral", "migrationStage":"NotStarted", "server":"akswtt00700000j"}}
{"logTime": "0520/151818", "correlationVector":"zfn5Tjui+L7zN4075Q3i8F.2","action":"ProcessGetUpdates", "result":"Done", "context":{"dataType":"Autofill Profiles", "deleted":"2", "process_failed_to_decrypt":"0", "process_pending_decryption":"0", "process_success":"11", "total":"11"}}
{"logTime": "0520/151818", "correlationVector":"zfn5Tjui+L7zN4075Q3i8F.3","action":"ProcessGetUpdates", "result":"Done", "context":{"dataType":"Autofill", "deleted":"0", "process_failed_to_decrypt":"0", "process_pending_decryption":"0", "process_success":"76", "total":"76"}}
{"logTime": "0520/151818", "correlationVector":"zfn5Tjui+L7zN4075Q3i8F.4","action":"ProcessGetUpdates", "result":"Done", "context":{"dataType":"Extensions", "deleted":"0", "process_failed_to_decrypt":"0", "process_pending_decryption":"0", "process_success":"3", "total":"3"}}
{"logTime": "0520/151818", "correlationVector":"zfn5Tjui+L7zN4075Q3i8F.5","action":"ProcessGetUpdates", "result":"Done", "context":{"dataType":"Sessions", "deleted":"147", "process_failed_to_decrypt":"0", "process_pending_decryption":"0", "process_success":"147", "total":"147"}}
{"logTime": "0520/151818", "correlationVector":"zfn5Tjui+L7zN4075Q3i8F.6","action":"ProcessGetUpdates", "result":"Done", "context":{"dataType":"Extension settings", "deleted":"0", "process_failed_to_decrypt":"0", "process_pending_decryption":"0", "process_success":"6", "total":"6"}}
{"logTime": "0520/151818", "correlationVector":"zfn5Tjui+L7zN4075Q3i8F.7","action":"ProcessGetUpdates", "result":"Done", "context":{"dataType":"Web Apps", "deleted":"0", "process_failed_to_decrypt":"0", "process_pending_decryption":"0", "process_success":"1", "total":"1"}}
{"logTime": "0520/151818", "correlationVector":"zfn5Tjui+L7zN4075Q3i8F.8","action":"ProcessGetUpdates", "result":"Done", "context":{"dataType":"Saved Tab Group", "deleted":"0", "process_failed_to_decrypt":"0", "process_pending_decryption":"0", "process_success":"3", "total":"3"}}
{"logTime": "0520/151818", "correlationVector":"zfn5Tjui+L7zN4075Q3i8F.9","action":"ProcessGetUpdates", "result":"Done", "context":{"dataType":"Edge Hub App Usage", "deleted":"2", "process_failed_to_decrypt":"0", "process_pending_decryption":"0", "process_success":"3", "total":"3"}}
{"logTime": "0520/151818", "correlationVector":"zfn5Tjui+L7zN4075Q3i8F.10","action":"GetUpdates Response", "result":"Success", "context":Received 250 update(s). cV=zfn5Tjui+L7zN4075Q3i8F.0;server=akswtt00700000j;cloudType=Consumer;environment=Prod_francecentral_prod-s01-062-eur-francecentral;migrationStage=NotStarted Some updates remain.}
{"logTime": "0520/151818", "correlationVector":"TyVuEyIOtyKk/8msY6RCe+","action":"Initial GetUpdates", "result":"", "context":Reason: NEWLY_SUPPORTED_DATATYPE. cV=TyVuEyIOtyKk/8msY6RCe+}
{"logTime": "0520/151818", "correlationVector":"TyVuEyIOtyKk/8msY6RCe+.1","action":"SyncServerConnectionManagerRequest", "result":"SYNC_SERVER_OK", "context":{"environment":"Prod_francecentral_prod-s01-062-eur-francecentral", "migrationStage":"NotStarted", "server":"akswtt007000014"}}
{"logTime": "0520/151818", "correlationVector":"TyVuEyIOtyKk/8msY6RCe+.2","action":"ProcessGetUpdates", "result":"Done", "context":{"dataType":"Autofill Profiles", "deleted":"0", "process_failed_to_decrypt":"0", "process_pending_decryption":"0", "process_success":"4", "total":"4"}}
{"logTime": "0520/151818", "correlationVector":"TyVuEyIOtyKk/8msY6RCe+.3","action":"ProcessGetUpdates", "result":"Done", "context":{"dataType":"Autofill", "deleted":"0", "process_failed_to_decrypt":"0", "process_pending_decryption":"0", "process_success":"96", "total":"96"}}
{"logTime": "0520/151818", "correlationVector":"TyVuEyIOtyKk/8msY6RCe+.4","action":"ProcessGetUpdates", "result":"Done", "context":{"dataType":"Sessions", "deleted":"138", "process_failed_to_decrypt":"0", "process_pending_decryption":"0", "process_success":"138", "total":"138"}}
{"logTime": "0520/151818", "correlationVector":"TyVuEyIOtyKk/8msY6RCe+.5","action":"ProcessGetUpdates", "result":"Done", "context":{"dataType":"History Delete Directives", "deleted":"0", "process_failed_to_decrypt":"0", "process_pending_decryption":"0", "process_success":"1", "total":"1"}}
{"logTime": "0520/151818", "correlationVector":"TyVuEyIOtyKk/8msY6RCe+.6","action":"ProcessGetUpdates", "result":"Done", "context":{"dataType":"Saved Tab Group", "deleted":"3", "process_failed_to_decrypt":"0", "process_pending_decryption":"0", "process_success":"3", "total":"3"}}
{"logTime": "0520/151818", "correlationVector":"TyVuEyIOtyKk/8msY6RCe+.7","action":"ProcessGetUpdates", "result":"Done", "context":{"dataType":"Edge Hub App Usage", "deleted":"6", "process_failed_to_decrypt":"0", "process_pending_decryption":"0", "process_success":"8", "total":"8"}}
{"logTime": "0520/151818", "correlationVector":"TyVuEyIOtyKk/8msY6RCe+.8","action":"GetUpdates Response", "result":"Success", "context":Received 250 update(s). cV=TyVuEyIOtyKk/8msY6RCe+.0;server=akswtt007000014;cloudType=Consumer;environment=Prod_francecentral_prod-s01-062-eur-francecentral;migrationStage=NotStarted Some updates remain.}
{"logTime": "0520/151818", "correlationVector":"NVJ1PGoYd6F6bzOgsprk9F","action":"Initial GetUpdates", "result":"", "context":Reason: NEWLY_SUPPORTED_DATATYPE. cV=NVJ1PGoYd6F6bzOgsprk9F}
{"logTime": "0520/151819", "correlationVector":"NVJ1PGoYd6F6bzOgsprk9F.1","action":"SyncServerConnectionManagerRequest", "result":"SYNC_SERVER_OK", "context":{"environment":"Prod_francecentral_prod-s01-062-eur-francecentral", "migrationStage":"NotStarted", "server":"akswtt00700000h"}}
{"logTime": "0520/151819", "correlationVector":"NVJ1PGoYd6F6bzOgsprk9F.2","action":"ProcessGetUpdates", "result":"Done", "context":{"dataType":"Autofill Profiles", "deleted":"0", "process_failed_to_decrypt":"0", "process_pending_decryption":"0", "process_success":"6", "total":"6"}}
{"logTime": "0520/151819", "correlationVector":"NVJ1PGoYd6F6bzOgsprk9F.3","action":"ProcessGetUpdates", "result":"Done", "context":{"dataType":"Autofill", "deleted":"0", "process_failed_to_decrypt":"0", "process_pending_decryption":"0", "process_success":"14", "total":"14"}}
{"logTime": "0520/151819", "correlationVector":"NVJ1PGoYd6F6bzOgsprk9F.4","action":"ProcessGetUpdates", "result":"Done", "context":{"dataType":"Extensions", "deleted":"0", "process_failed_to_decrypt":"0", "process_pending_decryption":"0", "process_success":"1", "total":"1"}}
{"logTime": "0520/151819", "correlationVector":"NVJ1PGoYd6F6bzOgsprk9F.5","action":"ProcessGetUpdates", "result":"Done", "context":{"dataType":"Sessions", "deleted":"126", "process_failed_to_decrypt":"0", "process_pending_decryption":"0", "process_success":"143", "total":"143"}}
{"logTime": "0520/151819", "correlationVector":"NVJ1PGoYd6F6bzOgsprk9F.6","action":"ProcessGetUpdates", "result":"Done", "context":{"dataType":"Edge Hub App Usage", "deleted":"1", "process_failed_to_decrypt":"0", "process_pending_decryption":"0", "process_success":"1", "total":"1"}}
{"logTime": "0520/151819", "correlationVector":"NVJ1PGoYd6F6bzOgsprk9F.7","action":"GetUpdates Response", "result":"Success", "context":Received 165 update(s). cV=NVJ1PGoYd6F6bzOgsprk9F.0;server=akswtt00700000h;cloudType=Consumer;environment=Prod_francecentral_prod-s01-062-eur-francecentral;migrationStage=NotStarted}
{"logTime": "0520/151819", "correlationVector":"hawh3FXbGoasrmzQIG+v+S","action":"Initial GetUpdates", "result":"", "context":Reason: NEWLY_SUPPORTED_DATATYPE. cV=hawh3FXbGoasrmzQIG+v+S}
{"logTime": "0520/151819", "correlationVector":"hawh3FXbGoasrmzQIG+v+S.1","action":"SyncServerConnectionManagerRequest", "result":"SYNC_SERVER_OK", "context":{"environment":"Prod_francecentral_prod-s01-062-eur-francecentral", "migrationStage":"NotStarted", "server":"akswtt007000014"}}
{"logTime": "0520/151819", "correlationVector":"hawh3FXbGoasrmzQIG+v+S.2","action":"ProcessGetUpdates", "result":"Done", "context":{"dataType":"History", "deleted":"0", "process_failed_to_decrypt":"0", "process_pending_decryption":"0", "process_success":"250", "total":"250"}}
{"logTime": "0520/151819", "correlationVector":"hawh3FXbGoasrmzQIG+v+S.3","action":"GetUpdates Response", "result":"Success", "context":Received 250 update(s). cV=hawh3FXbGoasrmzQIG+v+S.0;server=akswtt007000014;cloudType=Consumer;environment=Prod_francecentral_prod-s01-062-eur-francecentral;migrationStage=NotStarted Some updates remain.}
{"logTime": "0520/151819", "correlationVector":"3YFoaTxYzM/Yx7e6BhpiC6","action":"Initial GetUpdates", "result":"", "context":Reason: NEWLY_SUPPORTED_DATATYPE. cV=3YFoaTxYzM/Yx7e6BhpiC6}
{"logTime": "0520/151820", "correlationVector":"3YFoaTxYzM/Yx7e6BhpiC6.1","action":"SyncServerConnectionManagerRequest", "result":"SYNC_SERVER_OK", "context":{"environment":"Prod_francecentral_prod-s01-062-eur-francecentral", "migrationStage":"NotStarted", "server":"akswtt00700000h"}}
{"logTime": "0520/151820", "correlationVector":"3YFoaTxYzM/Yx7e6BhpiC6.2","action":"ProcessGetUpdates", "result":"Done", "context":{"dataType":"History", "deleted":"0", "process_failed_to_decrypt":"0", "process_pending_decryption":"0", "process_success":"250", "total":"250"}}
{"logTime": "0520/151820", "correlationVector":"3YFoaTxYzM/Yx7e6BhpiC6.3","action":"GetUpdates Response", "result":"Success", "context":Received 250 update(s). cV=3YFoaTxYzM/Yx7e6BhpiC6.0;server=akswtt00700000h;cloudType=Consumer;environment=Prod_francecentral_prod-s01-062-eur-francecentral;migrationStage=NotStarted Some updates remain.}
{"logTime": "0520/151820", "correlationVector":"K0qnpI/WmL5bP6MIgbeIJG","action":"Initial GetUpdates", "result":"", "context":Reason: NEWLY_SUPPORTED_DATATYPE. cV=K0qnpI/WmL5bP6MIgbeIJG}
{"logTime": "0520/151821", "correlationVector":"K0qnpI/WmL5bP6MIgbeIJG.1","action":"SyncServerConnectionManagerRequest", "result":"SYNC_SERVER_OK", "context":{"environment":"Prod_francecentral_prod-s01-062-eur-francecentral", "migrationStage":"NotStarted", "server":"akswtt007000047"}}
{"logTime": "0520/151821", "correlationVector":"K0qnpI/WmL5bP6MIgbeIJG.2","action":"ProcessGetUpdates", "result":"Done", "context":{"dataType":"History", "deleted":"0", "process_failed_to_decrypt":"0", "process_pending_decryption":"0", "process_success":"250", "total":"250"}}
{"logTime": "0520/151821", "correlationVector":"K0qnpI/WmL5bP6MIgbeIJG.3","action":"GetUpdates Response", "result":"Success", "context":Received 250 update(s). cV=K0qnpI/WmL5bP6MIgbeIJG.0;server=akswtt007000047;cloudType=Consumer;environment=Prod_francecentral_prod-s01-062-eur-francecentral;migrationStage=NotStarted Some updates remain.}
{"logTime": "0520/151821", "correlationVector":"gSqDM0J5RFnenxRzPxdynA","action":"Initial GetUpdates", "result":"", "context":Reason: NEWLY_SUPPORTED_DATATYPE. cV=gSqDM0J5RFnenxRzPxdynA}
{"logTime": "0520/151821", "correlationVector":"gSqDM0J5RFnenxRzPxdynA.1","action":"SyncServerConnectionManagerRequest", "result":"SYNC_SERVER_OK", "context":{"environment":"Prod_francecentral_prod-s01-062-eur-francecentral", "migrationStage":"NotStarted", "server":"akswtt007000014"}}
{"logTime": "0520/151821", "correlationVector":"gSqDM0J5RFnenxRzPxdynA.2","action":"ProcessGetUpdates", "result":"Done", "context":{"dataType":"History", "deleted":"113", "process_failed_to_decrypt":"0", "process_pending_decryption":"0", "process_success":"250", "total":"250"}}
{"logTime": "0520/151821", "correlationVector":"gSqDM0J5RFnenxRzPxdynA.3","action":"GetUpdates Response", "result":"Success", "context":Received 250 update(s). cV=gSqDM0J5RFnenxRzPxdynA.0;server=akswtt007000014;cloudType=Consumer;environment=Prod_francecentral_prod-s01-062-eur-francecentral;migrationStage=NotStarted Some updates remain.}
{"logTime": "0520/151821", "correlationVector":"lh2snJ5XBTk5IJtoz1cGJB","action":"Initial GetUpdates", "result":"", "context":Reason: NEWLY_SUPPORTED_DATATYPE. cV=lh2snJ5XBTk5IJtoz1cGJB}
{"logTime": "0520/151822", "correlationVector":"lh2snJ5XBTk5IJtoz1cGJB.1","action":"SyncServerConnectionManagerRequest", "result":"SYNC_SERVER_OK", "context":{"environment":"Prod_francecentral_prod-s01-062-eur-francecentral", "migrationStage":"NotStarted", "server":"akswtt00700003q"}}
{"logTime": "0520/151822", "correlationVector":"lh2snJ5XBTk5IJtoz1cGJB.2","action":"ProcessGetUpdates", "result":"Done", "context":{"dataType":"History", "deleted":"0", "process_failed_to_decrypt":"0", "process_pending_decryption":"0", "process_success":"250", "total":"250"}}
{"logTime": "0520/151822", "correlationVector":"lh2snJ5XBTk5IJtoz1cGJB.3","action":"GetUpdates Response", "result":"Success", "context":Received 250 update(s). cV=lh2snJ5XBTk5IJtoz1cGJB.0;server=akswtt00700003q;cloudType=Consumer;environment=Prod_francecentral_prod-s01-062-eur-francecentral;migrationStage=NotStarted Some updates remain.}
{"logTime": "0520/151822", "correlationVector":"cYTeYUHYxtMJ76SFRwWQRe","action":"Initial GetUpdates", "result":"", "context":Reason: NEWLY_SUPPORTED_DATATYPE. cV=cYTeYUHYxtMJ76SFRwWQRe}
{"logTime": "0520/151822", "correlationVector":"cYTeYUHYxtMJ76SFRwWQRe.1","action":"SyncServerConnectionManagerRequest", "result":"SYNC_SERVER_OK", "context":{"environment":"Prod_francecentral_prod-s01-062-eur-francecentral", "migrationStage":"NotStarted", "server":"akswtt00700003g"}}
{"logTime": "0520/151822", "correlationVector":"cYTeYUHYxtMJ76SFRwWQRe.2","action":"ProcessGetUpdates", "result":"Done", "context":{"dataType":"History", "deleted":"0", "process_failed_to_decrypt":"0", "process_pending_decryption":"0", "process_success":"250", "total":"250"}}
{"logTime": "0520/151822", "correlationVector":"cYTeYUHYxtMJ76SFRwWQRe.3","action":"GetUpdates Response", "result":"Success", "context":Received 250 update(s). cV=cYTeYUHYxtMJ76SFRwWQRe.0;server=akswtt00700003g;cloudType=Consumer;environment=Prod_francecentral_prod-s01-062-eur-francecentral;migrationStage=NotStarted Some updates remain.}
{"logTime": "0520/151822", "correlationVector":"5yBsg3m9qDxHM/umksSLaB","action":"Initial GetUpdates", "result":"", "context":Reason: NEWLY_SUPPORTED_DATATYPE. cV=5yBsg3m9qDxHM/umksSLaB}
{"logTime": "0520/151823", "correlationVector":"5yBsg3m9qDxHM/umksSLaB.1","action":"SyncServerConnectionManagerRequest", "result":"SYNC_SERVER_OK", "context":{"environment":"Prod_francecentral_prod-s01-062-eur-francecentral", "migrationStage":"NotStarted", "server":"akswtt00700000h"}}
{"logTime": "0520/151823", "correlationVector":"5yBsg3m9qDxHM/umksSLaB.2","action":"ProcessGetUpdates", "result":"Done", "context":{"dataType":"History", "deleted":"0", "process_failed_to_decrypt":"0", "process_pending_decryption":"0", "process_success":"250", "total":"250"}}
{"logTime": "0520/151823", "correlationVector":"5yBsg3m9qDxHM/umksSLaB.3","action":"GetUpdates Response", "result":"Success", "context":Received 250 update(s). cV=5yBsg3m9qDxHM/umksSLaB.0;server=akswtt00700000h;cloudType=Consumer;environment=Prod_francecentral_prod-s01-062-eur-francecentral;migrationStage=NotStarted Some updates remain.}
{"logTime": "0520/151823", "correlationVector":"neUmlwQ/ro+DKexZi+pV83","action":"Initial GetUpdates", "result":"", "context":Reason: NEWLY_SUPPORTED_DATATYPE. cV=neUmlwQ/ro+DKexZi+pV83}
{"logTime": "0520/151823", "correlationVector":"neUmlwQ/ro+DKexZi+pV83.1","action":"SyncServerConnectionManagerRequest", "result":"SYNC_SERVER_OK", "context":{"environment":"Prod_francecentral_prod-s01-062-eur-francecentral", "migrationStage":"NotStarted", "server":"akswtt007000014"}}
{"logTime": "0520/151823", "correlationVector":"neUmlwQ/ro+DKexZi+pV83.2","action":"ProcessGetUpdates", "result":"Done", "context":{"dataType":"History", "deleted":"0", "process_failed_to_decrypt":"0", "process_pending_decryption":"0", "process_success":"250", "total":"250"}}
{"logTime": "0520/151823", "correlationVector":"neUmlwQ/ro+DKexZi+pV83.3","action":"GetUpdates Response", "result":"Success", "context":Received 250 update(s). cV=neUmlwQ/ro+DKexZi+pV83.0;server=akswtt007000014;cloudType=Consumer;environment=Prod_francecentral_prod-s01-062-eur-francecentral;migrationStage=NotStarted Some updates remain.}
{"logTime": "0520/151823", "correlationVector":"49iMuILqLeiZam68l9X0bQ","action":"Initial GetUpdates", "result":"", "context":Reason: NEWLY_SUPPORTED_DATATYPE. cV=49iMuILqLeiZam68l9X0bQ}
{"logTime": "0520/151824", "correlationVector":"49iMuILqLeiZam68l9X0bQ.1","action":"SyncServerConnectionManagerRequest", "result":"SYNC_SERVER_OK", "context":{"environment":"Prod_francecentral_prod-s01-062-eur-francecentral", "migrationStage":"NotStarted", "server":"akswtt007000014"}}
{"logTime": "0520/151824", "correlationVector":"49iMuILqLeiZam68l9X0bQ.2","action":"ProcessGetUpdates", "result":"Done", "context":{"dataType":"History", "deleted":"0", "process_failed_to_decrypt":"0", "process_pending_decryption":"0", "process_success":"168", "total":"168"}}
{"logTime": "0520/151824", "correlationVector":"49iMuILqLeiZam68l9X0bQ.3","action":"GetUpdates Response", "result":"Success", "context":Received 168 update(s). cV=49iMuILqLeiZam68l9X0bQ.0;server=akswtt007000014;cloudType=Consumer;environment=Prod_francecentral_prod-s01-062-eur-francecentral;migrationStage=NotStarted}
{"logTime": "0520/151824", "correlationVector":"sWLUTpApI2tkp8BxY4AY8G","action":"Normal GetUpdate request", "result":"", "context":cV=sWLUTpApI2tkp8BxY4AY8G
Nudged types: Sessions, Device Info, User Consents
Refresh requested types: Bookmarks, Preferences, Passwords, Autofill Profiles, Autofill, Extensions, Sessions, Extension settings, History Delete Directives, Device Info, User Consents, Send Tab To Self, Web Apps, History, Saved Tab Group, Collection, Edge E Drop, Edge Hub App Usage, Edge Tab Group, Edge Wallet, Encryption Keys}
{"logTime": "0520/151825", "correlationVector":"sWLUTpApI2tkp8BxY4AY8G.1","action":"SyncServerConnectionManagerRequest", "result":"SYNC_SERVER_OK", "context":{"environment":"Prod_francecentral_prod-s01-062-eur-francecentral", "migrationStage":"NotStarted", "server":"akswtt00700004x"}}
{"logTime": "0520/151825", "correlationVector":"sWLUTpApI2tkp8BxY4AY8G.2","action":"GetUpdates Response", "result":"Success", "context":Received 0 update(s). cV=sWLUTpApI2tkp8BxY4AY8G.0;server=akswtt00700004x;cloudType=Consumer;environment=Prod_francecentral_prod-s01-062-eur-francecentral;migrationStage=NotStarted}
{"logTime": "0520/151825", "correlationVector":"HvHiaMkVBljgEwBTzQD+lg","action":"DoCompareDataConsistency requsted types: ", "result":"Bookmarks, Preferences, Passwords, Extensions, Extension settings, History Delete Directives, Send Tab To Self, Web Apps, History, Saved Tab Group, Collection, Edge E Drop, Edge Tab Group, Edge Wallet, Encryption Keys"}
{"logTime": "0520/151825", "correlationVector":"HvHiaMkVBljgEwBTzQD+lg.0","action":"CompareDataConsistency result: ", "result":"Compare result: Encryption Keys is consistent. local entities count is: 1 local entities hash is: v12bHrznVPGcUyagp/uVpWji/qQ="}
{"logTime": "0520/151825", "correlationVector":"HvHiaMkVBljgEwBTzQD+lg.1","action":"CompareDataConsistency result: ", "result":"Compare result: Bookmarks is consistent. local entities count is: 14 local entities hash is: nrtPbV4BDbOGMlaGtBwZXcvZTS8="}
{"logTime": "0520/151825", "correlationVector":"HvHiaMkVBljgEwBTzQD+lg.2","action":"CompareDataConsistency result: ", "result":"Compare result: Preferences is consistent. local entities count is: 77 local entities hash is: rluG2jTC+1ND0Br+Y6s35RuxCgk="}
{"logTime": "0520/151825", "correlationVector":"HvHiaMkVBljgEwBTzQD+lg.3","action":"CompareDataConsistency result: ", "result":"Compare result: Extensions is consistent. local entities count is: 4 local entities hash is: +jjeaHWvwnAAcksjUVCky4BmpG4="}
{"logTime": "0520/151825", "correlationVector":"HvHiaMkVBljgEwBTzQD+lg.4","action":"CompareDataConsistency result: ", "result":"Compare result: Extension settings is consistent. local entities count is: 6 local entities hash is: VCv0Mnh1YwDRh+2DU2uuTGFzF9c="}
{"logTime": "0520/151825", "correlationVector":"HvHiaMkVBljgEwBTzQD+lg.5","action":"CompareDataConsistency result: ", "result":"Compare result: History Delete Directives is inconsistent. server entities count is: 1 server entities hash is: MA8ButqsGzBYjelQl/EKfKe8+UM= local entities count is: 0 local entities hash is: "}
{"logTime": "0520/151825", "correlationVector":"HvHiaMkVBljgEwBTzQD+lg.6","action":"CompareDataConsistency result: ", "result":"Server did not send this Send Tab To Self local entities count is: 0 local entities hash is: "}
{"logTime": "0520/151825", "correlationVector":"HvHiaMkVBljgEwBTzQD+lg.7","action":"CompareDataConsistency result: ", "result":"Compare result: Web Apps is consistent. local entities count is: 1 local entities hash is: pLFBA+uGEEFjbx4ucQnR2uLg5gI="}
{"logTime": "0520/151825", "correlationVector":"HvHiaMkVBljgEwBTzQD+lg.8","action":"CompareDataConsistency result: ", "result":"Server did not send this History local entities count is: 0 local entities hash is: "}
{"logTime": "0520/151825", "correlationVector":"HvHiaMkVBljgEwBTzQD+lg.9","action":"CompareDataConsistency result: ", "result":"Compare result: Saved Tab Group is consistent. local entities count is: 3 local entities hash is: /WC8YD3JRUjJy/CZ9I/+otG3R58="}
{"logTime": "0520/151825", "correlationVector":"HvHiaMkVBljgEwBTzQD+lg.10","action":"CompareDataConsistency result: ", "result":"Compare result: Collection is consistent. local entities count is: 0 local entities hash is: "}
{"logTime": "0520/151825", "correlationVector":"HvHiaMkVBljgEwBTzQD+lg.11","action":"CompareDataConsistency result: ", "result":"Compare result: Edge E Drop is consistent. local entities count is: 0 local entities hash is: "}
{"logTime": "0520/151825", "correlationVector":"HvHiaMkVBljgEwBTzQD+lg.12","action":"CompareDataConsistency result: ", "result":"Compare result: Edge Tab Group is consistent. local entities count is: 0 local entities hash is: "}
{"logTime": "0520/151825", "correlationVector":"HvHiaMkVBljgEwBTzQD+lg.13","action":"CompareDataConsistency result: ", "result":"Compare result: Edge Wallet is consistent. local entities count is: 0 local entities hash is: "}
{"logTime": "0520/151825", "correlationVector":"HvHiaMkVBljgEwBTzQD+lg.14","action":"CompareDataConsistency result: ", "result":"Compare result: Passwords is consistent. local entities count is: 84 local entities hash is: y+hsarVw1IDYYQlbSrBOdxXY60M="}
{"logTime": "0520/151825", "correlationVector":"aD6s5EIARJvWKDElpqi3qF","action":"Commit Request", "result":"", "context":Item count: 5
Contributing types: Sessions, Device Info, User Consents}
{"logTime": "0520/151825", "correlationVector":"aD6s5EIARJvWKDElpqi3qF.1","action":"SyncServerConnectionManagerRequest", "result":"SYNC_SERVER_OK", "context":{"environment":"Prod_francecentral_prod-s01-062-eur-francecentral", "migrationStage":"NotStarted", "server":"akswtt00700000h"}}
{"logTime": "0520/151825", "correlationVector":"aD6s5EIARJvWKDElpqi3qF.2","action":"Commit Response", "result":"Success", "context":Result: Success. cV=aD6s5EIARJvWKDElpqi3qF.0;server=akswtt00700000h;cloudType=Consumer;environment=Prod_francecentral_prod-s01-062-eur-francecentral;migrationStage=NotStarted}
{"logTime": "0520/151827", "correlationVector":"jDOEebV8teyjMqZvqkdZae","action":"Normal GetUpdate request", "result":"", "context":cV=jDOEebV8teyjMqZvqkdZae
Notified types: History}
{"logTime": "0520/151828", "correlationVector":"jDOEebV8teyjMqZvqkdZae.1","action":"SyncServerConnectionManagerRequest", "result":"SYNC_SERVER_OK", "context":{"environment":"Prod_francecentral_prod-s01-062-eur-francecentral", "migrationStage":"NotStarted", "server":"akswtt00700002w"}}
{"logTime": "0520/151828", "correlationVector":"jDOEebV8teyjMqZvqkdZae.2","action":"ProcessGetUpdates", "result":"Done", "context":{"dataType":"Sessions", "deleted":"2", "process_failed_to_decrypt":"0", "process_pending_decryption":"0", "process_success":"6", "total":"6"}}
{"logTime": "0520/151828", "correlationVector":"jDOEebV8teyjMqZvqkdZae.3","action":"ProcessGetUpdates", "result":"Done", "context":{"dataType":"Device Info", "deleted":"0", "process_failed_to_decrypt":"0", "process_pending_decryption":"0", "process_success":"1", "total":"1"}}
{"logTime": "0520/151828", "correlationVector":"jDOEebV8teyjMqZvqkdZae.4","action":"ProcessGetUpdates", "result":"Done", "context":{"dataType":"History", "deleted":"0", "process_failed_to_decrypt":"0", "process_pending_decryption":"0", "process_success":"1", "total":"1"}}
{"logTime": "0520/151828", "correlationVector":"jDOEebV8teyjMqZvqkdZae.5","action":"GetUpdates Response", "result":"Success", "context":Received 8 update(s). cV=jDOEebV8teyjMqZvqkdZae.0;server=akswtt00700002w;cloudType=Consumer;environment=Prod_francecentral_prod-s01-062-eur-francecentral;migrationStage=NotStarted}
